<?xml version="1.0" encoding="UTF-8"?>
<!-- Generated by org.testng.reporters.JUnitReportReporter -->
<testsuite hostname="DESKTOP-DHHTJIT" failures="0" tests="1" name="Demo.MultipleWindow" time="3.156" errors="0" timestamp="2022-05-31T21:25:59 IST" skipped="0">
  <testcase classname="Demo.MultipleWindow" name="Test1" time="3.156"/>
  <system-out/>
</testsuite> <!-- Demo.MultipleWindow -->
