<?xml version="1.0" encoding="UTF-8"?>
<!-- Generated by org.testng.reporters.JUnitReportReporter -->
<testsuite hostname="DESKTOP-DHHTJIT" failures="0" tests="1" name="Demo.TakeScreenshotFull" time="3.541" errors="0" timestamp="2022-06-09T18:26:46 IST" skipped="0">
  <testcase classname="Demo.TakeScreenshotFull" name="Test" time="3.541"/>
  <system-out/>
</testsuite> <!-- Demo.TakeScreenshotFull -->
