<?xml version="1.0" encoding="UTF-8"?>
<!-- Generated by org.testng.reporters.JUnitReportReporter -->
<testsuite hostname="DESKTOP-DHHTJIT" failures="0" tests="1" name="Demo.FindLinks" time="0.057" errors="0" timestamp="2022-06-01T21:18:12 IST" skipped="0">
  <testcase classname="Demo.FindLinks" name="Test" time="0.057"/>
  <system-out/>
</testsuite> <!-- Demo.FindLinks -->
