<?xml version="1.0" encoding="UTF-8"?>
<!-- Generated by org.testng.reporters.JUnitReportReporter -->
<testsuite hostname="DESKTOP-DHHTJIT" failures="0" tests="1" name="Demo.Login" time="10.547" errors="0" timestamp="2022-06-01T16:59:46 IST" skipped="0">
  <testcase classname="Demo.Login" name="Valid_Login" time="10.547"/>
  <system-out/>
</testsuite> <!-- Demo.Login -->
