<?xml version="1.0" encoding="UTF-8"?>
<!-- Generated by org.testng.reporters.JUnitReportReporter -->
<testsuite hostname="DESKTOP-DHHTJIT" failures="0" tests="1" name="TestCase.Screenshot" time="8.423" errors="0" timestamp="2021-12-18T01:42:11 IST" skipped="0">
  <testcase classname="TestCase.Screenshot" name="Setup" time="8.423"/>
  <system-out/>
</testsuite> <!-- TestCase.Screenshot -->
