<?xml version="1.0" encoding="UTF-8"?>
<!-- Generated by org.testng.reporters.JUnitReportReporter -->
<testsuite hostname="DESKTOP-DHHTJIT" failures="0" tests="1" name="TestCase.TC001_AdminLogin" time="3.171" errors="0" timestamp="2021-12-22T01:28:03 IST" skipped="0">
  <testcase classname="TestCase.TC001_AdminLogin" name="ValideLogin" time="3.171"/>
  <system-out/>
</testsuite> <!-- TestCase.TC001_AdminLogin -->
