<?xml version="1.0" encoding="UTF-8"?>
<!-- Generated by org.testng.reporters.JUnitReportReporter -->
<testsuite hostname="DESKTOP-DHHTJIT" failures="0" tests="1" name="member.OrdrCase1$OrderCase" time="94.164" errors="0" timestamp="2021-09-08T21:02:29 IST" skipped="0">
  <testcase classname="member.OrdrCase1$OrderCase" name="Orderplaced" time="94.164"/>
  <system-out/>
</testsuite> <!-- member.OrdrCase1$OrderCase -->
