<?xml version="1.0" encoding="UTF-8"?>
<!-- Generated by org.testng.reporters.JUnitReportReporter -->
<testsuite hostname="DESKTOP-DHHTJIT" failures="0" tests="1" name="com.vedsonTestCases.TC_Login_001" time="43.377" errors="0" timestamp="2021-11-06T12:06:39 IST" skipped="0">
  <testcase classname="com.vedsonTestCases.TC_Login_001" name="ValideloginTest" time="43.377"/>
  <system-out/>
</testsuite> <!-- com.vedsonTestCases.TC_Login_001 -->
