<?xml version="1.0" encoding="UTF-8"?>
<!-- Generated by org.testng.reporters.JUnitReportReporter -->
<testsuite hostname="DESKTOP-DHHTJIT" failures="0" tests="1" name="PracticeSet.TakingSS" time="0.012" errors="0" timestamp="2021-12-23T22:54:47 IST" skipped="0">
  <testcase classname="PracticeSet.TakingSS" name="Takess" time="0.012"/>
  <system-out/>
</testsuite> <!-- PracticeSet.TakingSS -->
