<?xml version="1.0" encoding="UTF-8"?>
<!-- Generated by org.testng.reporters.JUnitReportReporter -->
<testsuite hostname="DESKTOP-DHHTJIT" failures="0" tests="2" name="AdminOrderTest.AdminLogin" time="5.375" errors="0" timestamp="2022-01-08T12:38:17 IST" skipped="1">
  <testcase classname="AdminOrderTest.AdminLogin" name="AdminLoginValide" time="5.375"/>
  <system-out>
Browser is lauched User NAME fILLED id NAME fILLED Login button clicked Admin Login Successful   </system-out>
  <testcase classname="AdminOrderTest.AdminLogin" name="AdminLoginInvalide">
    <skipped/>
  </testcase> <!-- AdminLoginInvalide -->
  <system-out/>
</testsuite> <!-- AdminOrderTest.AdminLogin -->
