<?xml version="1.0" encoding="UTF-8"?>
<!-- Generated by org.testng.reporters.JUnitReportReporter -->
<testsuite hostname="DESKTOP-DHHTJIT" failures="0" tests="1" name="SharafDG_BrandPanel.LoginWithExcelBrand" time="10.066" errors="0" timestamp="2021-11-28T02:51:37 IST" skipped="0">
  <testcase classname="SharafDG_BrandPanel.LoginWithExcelBrand" name="TC1_LoginWithSheet" time="10.066"/>
  <system-out/>
</testsuite> <!-- SharafDG_BrandPanel.LoginWithExcelBrand -->
