<?xml version="1.0" encoding="UTF-8"?>
<!-- Generated by org.testng.reporters.JUnitReportReporter -->
<testsuite hostname="DESKTOP-DHHTJIT" failures="0" tests="1" name="SharafDG_BrandPanel.LoginTest" time="0.008" errors="0" timestamp="2021-11-07T00:28:39 IST" skipped="0">
  <testcase classname="SharafDG_BrandPanel.LoginTest" name="ValideUserNameValideLogin" time="0.008"/>
  <system-out/>
</testsuite> <!-- SharafDG_BrandPanel.LoginTest -->
