<?xml version="1.0" encoding="UTF-8"?>
<!-- Generated by org.testng.reporters.JUnitReportReporter -->
<testsuite hostname="DESKTOP-DHHTJIT" failures="0" tests="1" name="SharafDG_BrandPanel.cdpSs" time="3.106" errors="0" timestamp="2021-11-28T01:41:00 IST" skipped="0">
  <testcase classname="SharafDG_BrandPanel.cdpSs" name="TC1" time="3.106"/>
  <system-out/>
</testsuite> <!-- SharafDG_BrandPanel.cdpSs -->
