<?xml version="1.0" encoding="UTF-8"?>
<!-- Generated by org.testng.reporters.JUnitReportReporter -->
<testsuite hostname="DESKTOP-DHHTJIT" failures="0" tests="2" name="TestCases.Login" time="5.601" errors="0" timestamp="2022-06-06T08:56:18 IST" skipped="1">
  <testcase classname="TestCases.Login" name="Buyer_Should_Login_With_Valide_User_and_ID" time="5.601"/>
  <system-out/>
  <testcase classname="TestCases.Login" name="Buyer_ShouldNot_Login_With_InValide_User_and_InValidID">
    <skipped/>
  </testcase> <!-- Buyer_ShouldNot_Login_With_InValide_User_and_InValidID -->
  <system-out/>
</testsuite> <!-- TestCases.Login -->
