<?xml version="1.0" encoding="UTF-8"?>
<!-- Generated by org.testng.reporters.JUnitReportReporter -->
<testsuite hostname="DESKTOP-DHHTJIT" failures="0" tests="1" name="sportalook.Test101" time="0.016" errors="0" timestamp="2021-10-07T23:16:34 IST" skipped="0">
  <testcase classname="sportalook.Test101" name="Test" time="0.016"/>
  <system-out/>
</testsuite> <!-- sportalook.Test101 -->
