<?xml version="1.0" encoding="UTF-8"?>
<!-- Generated by org.testng.reporters.JUnitReportReporter -->
<testsuite hostname="DESKTOP-DHHTJIT" failures="0" tests="1" name="sportalook.Module1" time="0.024" errors="0" timestamp="2021-10-07T21:44:13 IST" skipped="0">
  <testcase classname="sportalook.Module1" name="Test1" time="0.024"/>
  <system-out/>
</testsuite> <!-- sportalook.Module1 -->
