<?xml version="1.0" encoding="UTF-8"?>
<!-- Generated by org.testng.reporters.JUnitReportReporter -->
<testsuite hostname="DESKTOP-DHHTJIT" failures="0" tests="1" name="TestCases.NavigatePDP" time="10.889" errors="0" timestamp="2022-05-23T08:47:02 IST" skipped="0">
  <testcase classname="TestCases.NavigatePDP" name="Pdp" time="10.889"/>
  <system-out/>
</testsuite> <!-- TestCases.NavigatePDP -->
