<?xml version="1.0" encoding="UTF-8"?>
<!-- Generated by org.testng.reporters.JUnitReportReporter -->
<testsuite hostname="DESKTOP-DHHTJIT" failures="0" tests="1" name="TestCases.MemberLogin" time="30.575" errors="0" timestamp="2021-12-28T03:25:42 IST" skipped="0">
  <testcase classname="TestCases.MemberLogin" name="TC_001_Login" time="30.575"/>
  <system-out/>
</testsuite> <!-- TestCases.MemberLogin -->
