<?xml version="1.0" encoding="UTF-8"?>
<!-- Generated by org.testng.reporters.JUnitReportReporter -->
<testsuite hostname="DESKTOP-DHHTJIT" failures="0" tests="1" name="adminTestCases.RemoveSpecificCart$AdminLogin" time="15.778" errors="0" timestamp="2021-12-28T00:34:12 IST" skipped="0">
  <testcase classname="adminTestCases.RemoveSpecificCart$AdminLogin" name="CartRemoveSpecific" time="15.778"/>
  <system-out/>
</testsuite> <!-- adminTestCases.RemoveSpecificCart$AdminLogin -->
