<?xml version="1.0" encoding="UTF-8"?>
<!-- Generated by org.testng.reporters.JUnitReportReporter -->
<testsuite hostname="DESKTOP-DHHTJIT" failures="0" tests="1" name="adminTestCases.AdminLogin" time="3.730" errors="0" timestamp="2021-12-27T23:15:24 IST" skipped="0">
  <testcase classname="adminTestCases.AdminLogin" name="AdminValideLogin" time="3.730"/>
  <system-out/>
</testsuite> <!-- adminTestCases.AdminLogin -->
