<?xml version="1.0" encoding="UTF-8"?>
<!-- Generated by org.testng.reporters.JUnitReportReporter -->
<testsuite hostname="DESKTOP-DHHTJIT" failures="0" tests="1" name="TestCases.RefqRaiedByBuyer" time="5.107" errors="0" timestamp="2022-01-04T01:13:14 IST" skipped="0">
  <testcase classname="TestCases.RefqRaiedByBuyer" name="RfqRaidedByBuyer" time="5.107"/>
  <system-out/>
</testsuite> <!-- TestCases.RefqRaiedByBuyer -->
