<?xml version="1.0" encoding="UTF-8"?>
<!-- Generated by org.testng.reporters.JUnitReportReporter -->
<testsuite hostname="DESKTOP-DHHTJIT" failures="0" tests="1" name="TestCases.MyAccountTest" time="48.180" errors="0" timestamp="2021-12-31T02:33:43 IST" skipped="0">
  <testcase classname="TestCases.MyAccountTest" name="Member" time="48.180"/>
  <system-out/>
</testsuite> <!-- TestCases.MyAccountTest -->
