<?xml version="1.0" encoding="UTF-8"?>
<!-- Generated by org.testng.reporters.JUnitReportReporter -->
<testsuite hostname="Sonu" failures="0" tests="2" name="pageobject.BaseClass" time="0.008" errors="0" timestamp="2022-11-07T23:51:00 IST" skipped="0">
  <testcase classname="pageobject.BaseClass" name="login" time="0.002"/>
  <system-out/>
  <testcase classname="pageobject.BaseClass" name="login" time="0.006"/>
  <system-out/>
</testsuite> <!-- pageobject.BaseClass -->
