<?xml version="1.0" encoding="UTF-8"?>
<!-- Generated by org.testng.reporters.JUnitReportReporter -->
<testsuite hostname="DESKTOP-DHHTJIT" failures="0" tests="1" name="TestCases.OrderCalculation" time="65.264" errors="0" timestamp="2021-12-01T11:42:14 IST" skipped="0">
  <testcase classname="TestCases.OrderCalculation" name="TC_001_SingleProductCheckout" time="65.264"/>
  <system-out/>
</testsuite> <!-- TestCases.OrderCalculation -->
