<?xml version="1.0" encoding="UTF-8"?>
<!-- Generated by org.testng.reporters.JUnitReportReporter -->
<testsuite hostname="DESKTOP-DHHTJIT" failures="0" tests="1" name="TestCases.Login" time="29.531" errors="0" timestamp="2021-12-04T01:42:46 IST" skipped="0">
  <testcase classname="TestCases.Login" name="LoginTest" time="29.531"/>
  <system-out/>
</testsuite> <!-- TestCases.Login -->
