<?xml version="1.0" encoding="UTF-8"?>
<!-- Generated by org.testng.reporters.JUnitReportReporter -->
<testsuite hostname="DESKTOP-DHHTJIT" failures="0" tests="1" name="TestCases.CommanCheckout" time="0.010" errors="0" timestamp="2021-12-04T05:12:28 IST" skipped="0">
  <testcase classname="TestCases.CommanCheckout" name="CommOrder" time="0.010"/>
  <system-out/>
</testsuite> <!-- TestCases.CommanCheckout -->
