<?xml version="1.0" encoding="UTF-8"?>
<!-- Generated by org.testng.reporters.JUnitReportReporter -->
<testsuite hostname="DESKTOP-DHHTJIT" failures="0" tests="1" name="TestCases.NavigatingStaffLogin" time="18.957" errors="0" timestamp="2022-06-26T18:34:31 IST" skipped="0">
  <testcase classname="TestCases.NavigatingStaffLogin" name="Lauch" time="18.957"/>
  <system-out/>
</testsuite> <!-- TestCases.NavigatingStaffLogin -->
