<?xml version="1.0" encoding="UTF-8"?>
<!-- Generated by org.testng.reporters.JUnitReportReporter -->
<testsuite hostname="DESKTOP-DHHTJIT" failures="0" tests="1" name="pageobject.BaseClass" time="8.177" errors="0" timestamp="2021-12-03T00:10:22 IST" skipped="0">
  <testcase classname="pageobject.BaseClass" name="test" time="8.177"/>
  <system-out/>
</testsuite> <!-- pageobject.BaseClass -->
