<?xml version="1.0" encoding="UTF-8"?>
<!-- Generated by org.testng.reporters.JUnitReportReporter -->
<testsuite hostname="DESKTOP-DHHTJIT" failures="0" tests="1" name="PractiseSelenium.MouseHover" time="72.643" errors="0" timestamp="2022-06-04T21:49:46 IST" skipped="0">
  <testcase classname="PractiseSelenium.MouseHover" name="MouseHover" time="72.643"/>
  <system-out/>
</testsuite> <!-- PractiseSelenium.MouseHover -->
