<?xml version="1.0" encoding="UTF-8"?>
<!-- Generated by org.testng.reporters.JUnitReportReporter -->
<testsuite hostname="DESKTOP-DHHTJIT" failures="0" tests="1" name="sellerTestCases.SellerOrderFulfilment" time="17.261" errors="0" timestamp="2021-12-28T22:41:12 IST" skipped="0">
  <testcase classname="sellerTestCases.SellerOrderFulfilment" name="SellerAllOrders" time="17.261"/>
  <system-out/>
</testsuite> <!-- sellerTestCases.SellerOrderFulfilment -->
