<?xml version="1.0" encoding="UTF-8"?>
<!-- Generated by org.testng.reporters.JUnitReportReporter -->
<testsuite hostname="DESKTOP-DHHTJIT" failures="0" tests="1" name="TestCases.TestSS" time="31.794" errors="0" timestamp="2022-02-12T09:17:21 IST" skipped="0">
  <testcase classname="TestCases.TestSS" name="LauchBrowser" time="31.794"/>
  <system-out/>
</testsuite> <!-- TestCases.TestSS -->
