<?xml version="1.0" encoding="UTF-8"?>
<!-- Generated by org.testng.reporters.JUnitReportReporter -->
<testsuite hostname="DESKTOP-DHHTJIT" failures="0" tests="1" name="TestCase.SellerOrderFulfilment" time="21.754" errors="0" timestamp="2021-12-27T22:37:19 IST" skipped="0">
  <testcase classname="TestCase.SellerOrderFulfilment" name="TC_001" time="21.754"/>
  <system-out/>
</testsuite> <!-- TestCase.SellerOrderFulfilment -->
