<?xml version="1.0" encoding="UTF-8"?>
<!-- Generated by org.testng.reporters.JUnitReportReporter -->
<testsuite hostname="DESKTOP-DHHTJIT" failures="0" tests="2" name="practise.ReverseWord" time="0.032" errors="0" timestamp="2022-05-25T22:01:30 IST" skipped="0">
  <testcase classname="practise.ReverseWord" name="Test1" time="0.016"/>
  <system-out/>
  <testcase classname="practise.ReverseWord" name="Test2" time="0.016"/>
  <system-out/>
</testsuite> <!-- practise.ReverseWord -->
