<?xml version="1.0" encoding="UTF-8"?>
<!-- Generated by org.testng.reporters.JUnitReportReporter -->
<testsuite hostname="DESKTOP-DHHTJIT" failures="0" tests="3" name="practise.Program1" time="0.049" errors="0" timestamp="2021-10-08T08:47:58 IST" skipped="0">
  <testcase classname="practise.Program1" name="A" time="0.038"/>
  <system-out/>
  <testcase classname="practise.Program1" name="B" time="0.008"/>
  <system-out/>
  <testcase classname="practise.Program1" name="Test1" time="0.003"/>
  <system-out/>
</testsuite> <!-- practise.Program1 -->
