<?xml version="1.0" encoding="UTF-8"?>
<!-- Generated by org.testng.reporters.JUnitReportReporter -->
<testsuite hostname="DESKTOP-DHHTJIT" failures="0" tests="1" name="VedsonOrdersProcess.OrderProcesCases" time="60.118" errors="0" timestamp="2021-08-21T14:27:35 IST" skipped="0">
  <testcase classname="VedsonOrdersProcess.OrderProcesCases" name="OrderCase1" time="60.118"/>
  <system-out/>
</testsuite> <!-- VedsonOrdersProcess.OrderProcesCases -->
