<?xml version="1.0" encoding="UTF-8"?>
<!-- Generated by org.testng.reporters.JUnitReportReporter -->
<testsuite hostname="DESKTOP-DHHTJIT" failures="0" tests="1" name="Sportalook.SingleOrderbelow1499" time="41.414" errors="0" timestamp="2021-08-31T17:17:51 IST" skipped="0">
  <testcase classname="Sportalook.SingleOrderbelow1499" name="logintext" time="41.414"/>
  <system-out/>
</testsuite> <!-- Sportalook.SingleOrderbelow1499 -->
