<?xml version="1.0" encoding="UTF-8"?>
<!-- Generated by org.testng.reporters.JUnitReportReporter -->
<testsuite hostname="DESKTOP-DHHTJIT" failures="0" tests="1" name="hokoskoSCREENSHOTR" time="0.013" errors="0" timestamp="2021-08-15T16:49:47 IST" skipped="0">
  <testcase classname="hokoskoSCREENSHOTR" name="SCREENTEST" time="0.013"/>
  <system-out/>
</testsuite> <!-- hokoskoSCREENSHOTR -->
